[
  {
    "Plan": {
      "Node Type": "Gather Merge",
      "Parallel Aware": false,
      "Startup Cost": 1013948.54,
      "Total Cost": 1986244.55,
      "Plan Rows": 8333384,
      "Plan Width": 77,
      "Actual Startup Time": 38511.607,
      "Actual Total Time": 56545.384,
      "Actual Rows": 10000011,
      "Actual Loops": 1,
      "Output": ["name", "code", "article"],
      "Workers Planned": 2,
      "Workers Launched": 2,
      "Shared Hit Blocks": 74,
      "Shared Read Blocks": 142858,
      "Shared Dirtied Blocks": 0,
      "Shared Written Blocks": 0,
      "Local Hit Blocks": 0,
      "Local Read Blocks": 0,
      "Local Dirtied Blocks": 0,
      "Local Written Blocks": 0,
      "Temp Read Blocks": 273405,
      "Temp Written Blocks": 273817,
      "Plans": [
        {
          "Node Type": "Sort",
          "Parent Relationship": "Outer",
          "Parallel Aware": false,
          "Startup Cost": 1012948.52,
          "Total Cost": 1023365.25,
          "Plan Rows": 4166692,
          "Plan Width": 77,
          "Actual Startup Time": 38246.599,
          "Actual Total Time": 44127.337,
          "Actual Rows": 3333337,
          "Actual Loops": 3,
          "Output": ["name", "code", "article"],
          "Sort Key": ["towns.name", "towns.code DESC"],
          "Sort Method": "external merge",
          "Sort Space Used": 288400,
          "Sort Space Type": "Disk",
          "Shared Hit Blocks": 74,
          "Shared Read Blocks": 142858,
          "Shared Dirtied Blocks": 0,
          "Shared Written Blocks": 0,
          "Local Hit Blocks": 0,
          "Local Read Blocks": 0,
          "Local Dirtied Blocks": 0,
          "Local Written Blocks": 0,
          "Temp Read Blocks": 273405,
          "Temp Written Blocks": 273817,
          "Workers": [
            {
              "Worker Number": 0,
              "Actual Startup Time": 37780.036,
              "Actual Total Time": 43673.558,
              "Actual Rows": 3240930,
              "Actual Loops": 1,
              "Shared Hit Blocks": 37,
              "Shared Read Blocks": 46299,
              "Shared Dirtied Blocks": 0,
              "Shared Written Blocks": 0,
              "Local Hit Blocks": 0,
              "Local Read Blocks": 0,
              "Local Dirtied Blocks": 0,
              "Local Written Blocks": 0,
              "Temp Read Blocks": 88280,
              "Temp Written Blocks": 88413
            },
            {
              "Worker Number": 1,
              "Actual Startup Time": 38462.688,
              "Actual Total Time": 44492.053,
              "Actual Rows": 3368840,
              "Actual Loops": 1,
              "Shared Hit Blocks": 37,
              "Shared Read Blocks": 48127,
              "Shared Dirtied Blocks": 0,
              "Shared Written Blocks": 0,
              "Local Hit Blocks": 0,
              "Local Read Blocks": 0,
              "Local Dirtied Blocks": 0,
              "Local Written Blocks": 0,
              "Temp Read Blocks": 92197,
              "Temp Written Blocks": 92336
            }
          ],
          "Plans": [
            {
              "Node Type": "Seq Scan",
              "Parent Relationship": "Outer",
              "Parallel Aware": true,
              "Relation Name": "towns",
              "Schema": "public",
              "Alias": "towns",
              "Startup Cost": 0.0,
              "Total Cost": 184524.92,
              "Plan Rows": 4166692,
              "Plan Width": 77,
              "Actual Startup Time": 0.207,
              "Actual Total Time": 7012.535,
              "Actual Rows": 3333337,
              "Actual Loops": 3,
              "Output": ["name", "code", "article"],
              "Shared Hit Blocks": 0,
              "Shared Read Blocks": 142858,
              "Shared Dirtied Blocks": 0,
              "Shared Written Blocks": 0,
              "Local Hit Blocks": 0,
              "Local Read Blocks": 0,
              "Local Dirtied Blocks": 0,
              "Local Written Blocks": 0,
              "Temp Read Blocks": 0,
              "Temp Written Blocks": 0,
              "Workers": [
                {
                  "Worker Number": 0,
                  "Actual Startup Time": 0.1,
                  "Actual Total Time": 7283.81,
                  "Actual Rows": 3240930,
                  "Actual Loops": 1,
                  "Shared Hit Blocks": 0,
                  "Shared Read Blocks": 46299,
                  "Shared Dirtied Blocks": 0,
                  "Shared Written Blocks": 0,
                  "Local Hit Blocks": 0,
                  "Local Read Blocks": 0,
                  "Local Dirtied Blocks": 0,
                  "Local Written Blocks": 0,
                  "Temp Read Blocks": 0,
                  "Temp Written Blocks": 0
                },
                {
                  "Worker Number": 1,
                  "Actual Startup Time": 0.128,
                  "Actual Total Time": 6940.624,
                  "Actual Rows": 3368840,
                  "Actual Loops": 1,
                  "Shared Hit Blocks": 0,
                  "Shared Read Blocks": 48127,
                  "Shared Dirtied Blocks": 0,
                  "Shared Written Blocks": 0,
                  "Local Hit Blocks": 0,
                  "Local Read Blocks": 0,
                  "Local Dirtied Blocks": 0,
                  "Local Written Blocks": 0,
                  "Temp Read Blocks": 0,
                  "Temp Written Blocks": 0
                }
              ]
            }
          ]
        }
      ]
    },
    "Planning Time": 20.578,
    "Triggers": [],
    "Execution Time": 57124.834
  }
]
